<?xml version="1.0" encoding="UTF-8"?>
<testsuite name="gov.DA.dashboard.test.DAREAcceptanceTestSuite" time="2,232.534" tests="494" errors="0" skipped="0" failures="0">
  <properties>
    <property name="java.runtime.name" value="Java(TM) SE Runtime Environment"/>
    <property name="sun.boot.library.path" value="/Library/Java/JavaVirtualMachines/jdk1.8.0_101.jdk/Contents/Home/jre/lib"/>
    <property name="java.vm.version" value="25.101-b13"/>
    <property name="gopherProxySet" value="false"/>
    <property name="java.vm.vendor" value="Oracle Corporation"/>
    <property name="maven.multiModuleProjectDirectory" value="/Users/divyasharma/Documents/workspace/AutoDashboard"/>
    <property name="java.vendor.url" value="http://java.oracle.com/"/>
    <property name="path.separator" value=":"/>
    <property name="guice.disable.misplaced.annotation.check" value="true"/>
    <property name="java.vm.name" value="Java HotSpot(TM) 64-Bit Server VM"/>
    <property name="file.encoding.pkg" value="sun.io"/>
    <property name="user.country" value="US"/>
    <property name="sun.java.launcher" value="SUN_STANDARD"/>
    <property name="sun.os.patch.level" value="unknown"/>
    <property name="java.vm.specification.name" value="Java Virtual Machine Specification"/>
    <property name="user.dir" value="/Users/divyasharma/Documents/workspace/AutoDashboard"/>
    <property name="java.runtime.version" value="1.8.0_101-b13"/>
    <property name="java.awt.graphicsenv" value="sun.awt.CGraphicsEnvironment"/>
    <property name="java.endorsed.dirs" value="/Library/Java/JavaVirtualMachines/jdk1.8.0_101.jdk/Contents/Home/jre/lib/endorsed"/>
    <property name="os.arch" value="x86_64"/>
    <property name="java.io.tmpdir" value="/var/folders/th/f_1pl30d6ns1svbf6f62k76c0000gn/T/"/>
    <property name="line.separator" value="&#10;"/>
    <property name="java.vm.specification.vendor" value="Oracle Corporation"/>
    <property name="os.name" value="Mac OS X"/>
    <property name="classworlds.conf" value="/usr/local/apache-maven/apache-maven-3.3.9/bin/m2.conf"/>
    <property name="sun.jnu.encoding" value="UTF-8"/>
    <property name="java.library.path" value="/Users/divyasharma/Library/Java/Extensions:/Library/Java/Extensions:/Network/Library/Java/Extensions:/System/Library/Java/Extensions:/usr/lib/java:."/>
    <property name="java.specification.name" value="Java Platform API Specification"/>
    <property name="java.class.version" value="52.0"/>
    <property name="sun.management.compiler" value="HotSpot 64-Bit Tiered Compilers"/>
    <property name="os.version" value="10.11.6"/>
    <property name="http.nonProxyHosts" value="local|*.local|169.254/16|*.169.254/16"/>
    <property name="user.home" value="/Users/divyasharma"/>
    <property name="user.timezone" value="America/New_York"/>
    <property name="java.awt.printerjob" value="sun.lwawt.macosx.CPrinterJob"/>
    <property name="java.specification.version" value="1.8"/>
    <property name="file.encoding" value="UTF-8"/>
    <property name="user.name" value="divyasharma"/>
    <property name="java.class.path" value="/usr/local/apache-maven/apache-maven-3.3.9/boot/plexus-classworlds-2.5.2.jar"/>
    <property name="java.vm.specification.version" value="1.8"/>
    <property name="sun.arch.data.model" value="64"/>
    <property name="java.home" value="/Library/Java/JavaVirtualMachines/jdk1.8.0_101.jdk/Contents/Home/jre"/>
    <property name="sun.java.command" value="org.codehaus.plexus.classworlds.launcher.Launcher clean verify"/>
    <property name="java.specification.vendor" value="Oracle Corporation"/>
    <property name="user.language" value="en"/>
    <property name="awt.toolkit" value="sun.lwawt.macosx.LWCToolkit"/>
    <property name="java.vm.info" value="mixed mode"/>
    <property name="java.version" value="1.8.0_101"/>
    <property name="java.ext.dirs" value="/Users/divyasharma/Library/Java/Extensions:/Library/Java/JavaVirtualMachines/jdk1.8.0_101.jdk/Contents/Home/jre/lib/ext:/Library/Java/Extensions:/Network/Library/Java/Extensions:/System/Library/Java/Extensions:/usr/lib/java"/>
    <property name="sun.boot.class.path" value="/Library/Java/JavaVirtualMachines/jdk1.8.0_101.jdk/Contents/Home/jre/lib/resources.jar:/Library/Java/JavaVirtualMachines/jdk1.8.0_101.jdk/Contents/Home/jre/lib/rt.jar:/Library/Java/JavaVirtualMachines/jdk1.8.0_101.jdk/Contents/Home/jre/lib/sunrsasign.jar:/Library/Java/JavaVirtualMachines/jdk1.8.0_101.jdk/Contents/Home/jre/lib/jsse.jar:/Library/Java/JavaVirtualMachines/jdk1.8.0_101.jdk/Contents/Home/jre/lib/jce.jar:/Library/Java/JavaVirtualMachines/jdk1.8.0_101.jdk/Contents/Home/jre/lib/charsets.jar:/Library/Java/JavaVirtualMachines/jdk1.8.0_101.jdk/Contents/Home/jre/lib/jfr.jar:/Library/Java/JavaVirtualMachines/jdk1.8.0_101.jdk/Contents/Home/jre/classes"/>
    <property name="java.vendor" value="Oracle Corporation"/>
    <property name="maven.home" value="/usr/local/apache-maven/apache-maven-3.3.9"/>
    <property name="file.separator" value="/"/>
    <property name="java.vendor.url.bug" value="http://bugreport.sun.com/bugreport/"/>
    <property name="sun.cpu.endian" value="little"/>
    <property name="sun.io.unicode.encoding" value="UnicodeBig"/>
    <property name="socksNonProxyHosts" value="local|*.local|169.254/16|*.169.254/16"/>
    <property name="ftp.nonProxyHosts" value="local|*.local|169.254/16|*.169.254/16"/>
    <property name="sun.cpu.isalist" value=""/>
  </properties>
  <testcase name="BeforeStories" classname="java.lang.Object" time="0.007"/>
  <testcase name="Given the user is on the dashboard page" classname="gov.DA.dashboard.test.steps.DailyRegression" time="9.009"/>
  <testcase name="When the user logs into the dashboard with &lt;username&gt; and &lt;password&gt;" classname="gov.DA.dashboard.test.steps.DailyRegression" time="6.921"/>
  <testcase name="Then the user is on the summary page with &lt;username&gt;" classname="gov.DA.dashboard.test.steps.DailyRegression" time="5.355"/>
  <testcase name="Then the notification should be displayed with &lt;username&gt;" classname="gov.DA.dashboard.test.steps.DailyRegression" time="0.159"/>
  <testcase name="Then the user logs out of the dashboard" classname="gov.DA.dashboard.test.steps.DailyRegression" time="5.896"/>
  <testcase name="Then they should see the home page" classname="gov.DA.dashboard.test.steps.DailyRegression" time="0.197"/>
  <testcase name="Given the user is on the dashboard page​" classname="gov.DA.dashboard.test.steps.DailyRegression" time="1.625"/>
  <testcase name="When the user logs into the dashboard with &lt;username&gt; and &lt;password&gt;​" classname="gov.DA.dashboard.test.steps.DailyRegression" time="6.557"/>
  <testcase name="Then the user is on the summary page with &lt;username&gt;​" classname="gov.DA.dashboard.test.steps.DailyRegression" time="4.558"/>
  <testcase name="Then the notification should be displayed with &lt;username&gt;​" classname="gov.DA.dashboard.test.steps.DailyRegression" time="0.151"/>
  <testcase name="Then the user logs out of the dashboard​" classname="gov.DA.dashboard.test.steps.DailyRegression" time="5.057"/>
  <testcase name="Then they should see the home page​" classname="gov.DA.dashboard.test.steps.DailyRegression" time="0.184"/>
  <testcase name="Given the user is on the dashboard page​​" classname="gov.DA.dashboard.test.steps.DailyRegression" time="1.829"/>
  <testcase name="When the user logs into the dashboard with &lt;username&gt; and &lt;password&gt;​​" classname="gov.DA.dashboard.test.steps.DailyRegression" time="9.547"/>
  <testcase name="Then the user is on the summary page with &lt;username&gt;​​" classname="gov.DA.dashboard.test.steps.DailyRegression" time="4.578"/>
  <testcase name="Then the notification should be displayed with &lt;username&gt;​​" classname="gov.DA.dashboard.test.steps.DailyRegression" time="3.158"/>
  <testcase name="Then the user logs out of the dashboard​​" classname="gov.DA.dashboard.test.steps.DailyRegression" time="5.044"/>
  <testcase name="Then they should see the home page​​" classname="gov.DA.dashboard.test.steps.DailyRegression" time="0.19"/>
  <testcase name="Given the user is on the dashboard page​​​" classname="gov.DA.dashboard.test.steps.DailyRegression" time="1.721"/>
  <testcase name="When the user logs into the dashboard with &lt;username&gt; and &lt;password&gt;​​​" classname="gov.DA.dashboard.test.steps.DailyRegression" time="6.551"/>
  <testcase name="Then the user is on the summary page with &lt;username&gt;​​​" classname="gov.DA.dashboard.test.steps.DailyRegression" time="4.556"/>
  <testcase name="Then the notification should be displayed with &lt;username&gt;​​​" classname="gov.DA.dashboard.test.steps.DailyRegression" time="0.153"/>
  <testcase name="Then the user logs out of the dashboard​​​" classname="gov.DA.dashboard.test.steps.DailyRegression" time="4.952"/>
  <testcase name="Then they should see the home page​​​" classname="gov.DA.dashboard.test.steps.DailyRegression" time="0.189"/>
  <testcase name="Given the user is on the dashboard page​​​​" classname="gov.DA.dashboard.test.steps.DailyRegression" time="1.645"/>
  <testcase name="When the user logs into the dashboard with &lt;username&gt; and &lt;password&gt;​​​​" classname="gov.DA.dashboard.test.steps.DailyRegression" time="6.614"/>
  <testcase name="Then the user is on the summary page with &lt;username&gt;​​​​" classname="gov.DA.dashboard.test.steps.DailyRegression" time="4.511"/>
  <testcase name="Then the notification should be displayed with &lt;username&gt;​​​​" classname="gov.DA.dashboard.test.steps.DailyRegression" time="0.155"/>
  <testcase name="Then the user logs out of the dashboard​​​​" classname="gov.DA.dashboard.test.steps.DailyRegression" time="5.102"/>
  <testcase name="Then they should see the home page​​​​" classname="gov.DA.dashboard.test.steps.DailyRegression" time="0.189"/>
  <testcase name="Given the user is on the dashboard page​​​​​" classname="gov.DA.dashboard.test.steps.DailyRegression" time="1.849"/>
  <testcase name="When the user logs into the dashboard with &lt;username&gt; and &lt;password&gt;​​​​​" classname="gov.DA.dashboard.test.steps.DailyRegression" time="6.553"/>
  <testcase name="Then the user is on the summary page with &lt;username&gt;​​​​​" classname="gov.DA.dashboard.test.steps.DailyRegression" time="4.533"/>
  <testcase name="Then the notification should be displayed with &lt;username&gt;​​​​​" classname="gov.DA.dashboard.test.steps.DailyRegression" time="0.151"/>
  <testcase name="Then the user logs out of the dashboard​​​​​" classname="gov.DA.dashboard.test.steps.DailyRegression" time="4.99"/>
  <testcase name="Then they should see the home page​​​​​" classname="gov.DA.dashboard.test.steps.DailyRegression" time="0.184"/>
  <testcase name="Given the user is on the dashboard page​​​​​​" classname="gov.DA.dashboard.test.steps.DailyRegression" time="1.691"/>
  <testcase name="When the user logs into the dashboard with &lt;username&gt; and &lt;password&gt;​​​​​​" classname="gov.DA.dashboard.test.steps.DailyRegression" time="6.616"/>
  <testcase name="Then the user is on the summary page with &lt;username&gt;​​​​​​" classname="gov.DA.dashboard.test.steps.DailyRegression" time="4.535"/>
  <testcase name="Then the notification should be displayed with &lt;username&gt;​​​​​​" classname="gov.DA.dashboard.test.steps.DailyRegression" time="0.154"/>
  <testcase name="Then the user logs out of the dashboard​​​​​​" classname="gov.DA.dashboard.test.steps.DailyRegression" time="5.162"/>
  <testcase name="Then they should see the home page​​​​​​" classname="gov.DA.dashboard.test.steps.DailyRegression" time="0.189"/>
  <testcase name="Given the user is on the dashboard page​​​​​​​" classname="gov.DA.dashboard.test.steps.DailyRegression" time="1.817"/>
  <testcase name="When the user logs into the dashboard with &lt;username&gt; and &lt;password&gt;​​​​​​​" classname="gov.DA.dashboard.test.steps.DailyRegression" time="6.565"/>
  <testcase name="Then the user is on the summary page with &lt;username&gt;​​​​​​​" classname="gov.DA.dashboard.test.steps.DailyRegression" time="4.654"/>
  <testcase name="Then the notification should be displayed with &lt;username&gt;​​​​​​​" classname="gov.DA.dashboard.test.steps.DailyRegression" time="0.151"/>
  <testcase name="Then the user logs out of the dashboard​​​​​​​" classname="gov.DA.dashboard.test.steps.DailyRegression" time="4.956"/>
  <testcase name="Then they should see the home page​​​​​​​" classname="gov.DA.dashboard.test.steps.DailyRegression" time="0.186"/>
  <testcase name="Given the user is on the dashboard page​​​​​​​​" classname="gov.DA.dashboard.test.steps.DailyRegression" time="1.627"/>
  <testcase name="When the user logs into the dashboard with &lt;username&gt; and &lt;password&gt;​​​​​​​​" classname="gov.DA.dashboard.test.steps.DailyRegression" time="6.538"/>
  <testcase name="Then the user is on the summary page with &lt;username&gt;​​​​​​​​" classname="gov.DA.dashboard.test.steps.DailyRegression" time="4.578"/>
  <testcase name="Then the notification should be displayed with &lt;username&gt;​​​​​​​​" classname="gov.DA.dashboard.test.steps.DailyRegression" time="0.152"/>
  <testcase name="Then the user logs out of the dashboard​​​​​​​​" classname="gov.DA.dashboard.test.steps.DailyRegression" time="5.113"/>
  <testcase name="Then they should see the home page​​​​​​​​" classname="gov.DA.dashboard.test.steps.DailyRegression" time="0.188"/>
  <testcase name="Given the user is on the dashboard page​​​​​​​​​" classname="gov.DA.dashboard.test.steps.DailyRegression" time="1.926"/>
  <testcase name="When the user logs into the dashboard with &lt;username&gt; and &lt;password&gt;​​​​​​​​​" classname="gov.DA.dashboard.test.steps.DailyRegression" time="6.549"/>
  <testcase name="Then the user is on the summary page with &lt;username&gt;​​​​​​​​​" classname="gov.DA.dashboard.test.steps.DailyRegression" time="4.676"/>
  <testcase name="Then the notification should be displayed with &lt;username&gt;​​​​​​​​​" classname="gov.DA.dashboard.test.steps.DailyRegression" time="0.152"/>
  <testcase name="Then the user logs out of the dashboard​​​​​​​​​" classname="gov.DA.dashboard.test.steps.DailyRegression" time="4.971"/>
  <testcase name="Then they should see the home page​​​​​​​​​" classname="gov.DA.dashboard.test.steps.DailyRegression" time="0.183"/>
  <testcase name="Given the user is on the dashboard page​​​​​​​​​​" classname="gov.DA.dashboard.test.steps.DailyRegression" time="1.633"/>
  <testcase name="When the user logs into the dashboard with &lt;username&gt; and &lt;password&gt;​​​​​​​​​​" classname="gov.DA.dashboard.test.steps.DailyRegression" time="6.444"/>
  <testcase name="Then the user is on the summary page with &lt;username&gt;​​​​​​​​​​" classname="gov.DA.dashboard.test.steps.DailyRegression" time="4.605"/>
  <testcase name="Then the notification should be displayed with &lt;username&gt;​​​​​​​​​​" classname="gov.DA.dashboard.test.steps.DailyRegression" time="0.151"/>
  <testcase name="Then the user logs out of the dashboard​​​​​​​​​​" classname="gov.DA.dashboard.test.steps.DailyRegression" time="5.1"/>
  <testcase name="Then they should see the home page​​​​​​​​​​" classname="gov.DA.dashboard.test.steps.DailyRegression" time="0.19"/>
  <testcase name="Given the user is on the dashboard page​​​​​​​​​​​" classname="gov.DA.dashboard.test.steps.DailyRegression" time="1.734"/>
  <testcase name="When the user logs into the dashboard with &lt;username&gt; and &lt;password&gt;​​​​​​​​​​​" classname="gov.DA.dashboard.test.steps.DailyRegression" time="6.539"/>
  <testcase name="Then the user is on the summary page with &lt;username&gt;​​​​​​​​​​​" classname="gov.DA.dashboard.test.steps.DailyRegression" time="4.538"/>
  <testcase name="Then the notification should be displayed with &lt;username&gt;​​​​​​​​​​​" classname="gov.DA.dashboard.test.steps.DailyRegression" time="0.15"/>
  <testcase name="Then the user logs out of the dashboard​​​​​​​​​​​" classname="gov.DA.dashboard.test.steps.DailyRegression" time="4.983"/>
  <testcase name="Then they should see the home page​​​​​​​​​​​" classname="gov.DA.dashboard.test.steps.DailyRegression" time="0.185"/>
  <testcase name="Given the user is on the dashboard page​​​​​​​​​​​​" classname="gov.DA.dashboard.test.steps.DailyRegression" time="1.661"/>
  <testcase name="When the user logs into the dashboard with &lt;username&gt; and &lt;password&gt;​​​​​​​​​​​​" classname="gov.DA.dashboard.test.steps.DailyRegression" time="9.545"/>
  <testcase name="Then the user is on the summary page with &lt;username&gt;​​​​​​​​​​​​" classname="gov.DA.dashboard.test.steps.DailyRegression" time="4.892"/>
  <testcase name="Then the notification should be displayed with &lt;username&gt;​​​​​​​​​​​​" classname="gov.DA.dashboard.test.steps.DailyRegression" time="3.158"/>
  <testcase name="Then the user logs out of the dashboard​​​​​​​​​​​​" classname="gov.DA.dashboard.test.steps.DailyRegression" time="4.92"/>
  <testcase name="Then they should see the home page​​​​​​​​​​​​" classname="gov.DA.dashboard.test.steps.DailyRegression" time="0.183"/>
  <testcase name="Given the user is on the dashboard page​​​​​​​​​​​​​" classname="gov.DA.dashboard.test.steps.DailyRegression" time="2.068"/>
  <testcase name="When the user logs into the dashboard with &lt;username&gt; and &lt;password&gt;​​​​​​​​​​​​​" classname="gov.DA.dashboard.test.steps.DailyRegression" time="6.545"/>
  <testcase name="Then the user is on the summary page with &lt;username&gt;​​​​​​​​​​​​​" classname="gov.DA.dashboard.test.steps.DailyRegression" time="4.585"/>
  <testcase name="Then the notification should be displayed with &lt;username&gt;​​​​​​​​​​​​​" classname="gov.DA.dashboard.test.steps.DailyRegression" time="0.149"/>
  <testcase name="Then the user logs out of the dashboard​​​​​​​​​​​​​" classname="gov.DA.dashboard.test.steps.DailyRegression" time="5.109"/>
  <testcase name="Then they should see the home page​​​​​​​​​​​​​" classname="gov.DA.dashboard.test.steps.DailyRegression" time="0.184"/>
  <testcase name="Given the user is on the dashboard page​​​​​​​​​​​​​​" classname="gov.DA.dashboard.test.steps.DailyRegression" time="1.661"/>
  <testcase name="When the user logs into the dashboard with &lt;username&gt; and &lt;password&gt;​​​​​​​​​​​​​​" classname="gov.DA.dashboard.test.steps.DailyRegression" time="6.754"/>
  <testcase name="Then the user is on the summary page with &lt;username&gt;​​​​​​​​​​​​​​" classname="gov.DA.dashboard.test.steps.DailyRegression" time="4.524"/>
  <testcase name="Then the notification should be displayed with &lt;username&gt;​​​​​​​​​​​​​​" classname="gov.DA.dashboard.test.steps.DailyRegression" time="0.15"/>
  <testcase name="Then the user logs out of the dashboard​​​​​​​​​​​​​​" classname="gov.DA.dashboard.test.steps.DailyRegression" time="5.015"/>
  <testcase name="Then they should see the home page​​​​​​​​​​​​​​" classname="gov.DA.dashboard.test.steps.DailyRegression" time="0.193"/>
  <testcase name="Given the user is on the dashboard page​​​​​​​​​​​​​​​" classname="gov.DA.dashboard.test.steps.DailyRegression" time="1.791"/>
  <testcase name="When the user logs into the dashboard with &lt;username&gt; and &lt;password&gt;​​​​​​​​​​​​​​​" classname="gov.DA.dashboard.test.steps.DailyRegression" time="6.54"/>
  <testcase name="Then the user is on the summary page with &lt;username&gt;​​​​​​​​​​​​​​​" classname="gov.DA.dashboard.test.steps.DailyRegression" time="4.634"/>
  <testcase name="Then the notification should be displayed with &lt;username&gt;​​​​​​​​​​​​​​​" classname="gov.DA.dashboard.test.steps.DailyRegression" time="0.149"/>
  <testcase name="Then the user logs out of the dashboard​​​​​​​​​​​​​​​" classname="gov.DA.dashboard.test.steps.DailyRegression" time="5.215"/>
  <testcase name="Then they should see the home page​​​​​​​​​​​​​​​" classname="gov.DA.dashboard.test.steps.DailyRegression" time="0.18"/>
  <testcase name="Given the user is on the dashboard page​​​​​​​​​​​​​​​​" classname="gov.DA.dashboard.test.steps.DailyRegression" time="1.847"/>
  <testcase name="When the user logs into the dashboard with &lt;username&gt; and &lt;password&gt;​​​​​​​​​​​​​​​​" classname="gov.DA.dashboard.test.steps.DailyRegression" time="6.534"/>
  <testcase name="Then the user is on the summary page with &lt;username&gt;​​​​​​​​​​​​​​​​" classname="gov.DA.dashboard.test.steps.DailyRegression" time="4.647"/>
  <testcase name="Then the notification should be displayed with &lt;username&gt;​​​​​​​​​​​​​​​​" classname="gov.DA.dashboard.test.steps.DailyRegression" time="0.151"/>
  <testcase name="Then the user logs out of the dashboard​​​​​​​​​​​​​​​​" classname="gov.DA.dashboard.test.steps.DailyRegression" time="4.989"/>
  <testcase name="Then they should see the home page​​​​​​​​​​​​​​​​" classname="gov.DA.dashboard.test.steps.DailyRegression" time="0.187"/>
  <testcase name="Given the user is on the dashboard page​​​​​​​​​​​​​​​​​" classname="gov.DA.dashboard.test.steps.DailyRegression" time="1.754"/>
  <testcase name="When the user logs into the dashboard with &lt;username&gt; and &lt;password&gt;​​​​​​​​​​​​​​​​​" classname="gov.DA.dashboard.test.steps.DailyRegression" time="6.965"/>
  <testcase name="Then the user is on the summary page with &lt;username&gt;​​​​​​​​​​​​​​​​​" classname="gov.DA.dashboard.test.steps.DailyRegression" time="4.695"/>
  <testcase name="Then the notification should be displayed with &lt;username&gt;​​​​​​​​​​​​​​​​​" classname="gov.DA.dashboard.test.steps.DailyRegression" time="0.15"/>
  <testcase name="Then the user logs out of the dashboard​​​​​​​​​​​​​​​​​" classname="gov.DA.dashboard.test.steps.DailyRegression" time="5.115"/>
  <testcase name="Then they should see the home page​​​​​​​​​​​​​​​​​" classname="gov.DA.dashboard.test.steps.DailyRegression" time="0.196"/>
  <testcase name="Scenario: View notifications on homepage" classname="Scenario: View notifications on homepage" time="0.201"/>
  <testcase name="Given the user is on the dashboard page​​​​​​​​​​​​​​​​​​" classname="gov.DA.dashboard.test.steps.DailyRegression" time="1.887"/>
  <testcase name="When the user logs into the dashboard with &lt;username&gt; and &lt;password&gt;​​​​​​​​​​​​​​​​​​" classname="gov.DA.dashboard.test.steps.DailyRegression" time="6.543"/>
  <testcase name="Then the user views additional resources with the &lt;username&gt;" classname="gov.DA.dashboard.test.steps.DailyRegression" time="14.598"/>
  <testcase name="Then the user should view the list of FOAs with &lt;username&gt;" classname="gov.DA.dashboard.test.steps.DailyRegression" time="3.221"/>
  <testcase name="Then the user logs out of the dashboard​​​​​​​​​​​​​​​​​​" classname="gov.DA.dashboard.test.steps.DailyRegression" time="5.32"/>
  <testcase name="Then they should see the home page​​​​​​​​​​​​​​​​​​" classname="gov.DA.dashboard.test.steps.DailyRegression" time="0.204"/>
  <testcase name="Given the user is on the dashboard page​​​​​​​​​​​​​​​​​​​" classname="gov.DA.dashboard.test.steps.DailyRegression" time="2.23"/>
  <testcase name="When the user logs into the dashboard with &lt;username&gt; and &lt;password&gt;​​​​​​​​​​​​​​​​​​​" classname="gov.DA.dashboard.test.steps.DailyRegression" time="6.515"/>
  <testcase name="Then the user views additional resources with the &lt;username&gt;​" classname="gov.DA.dashboard.test.steps.DailyRegression" time="13.207"/>
  <testcase name="Then the user should view the list of FOAs with &lt;username&gt;​" classname="gov.DA.dashboard.test.steps.DailyRegression" time="2.2"/>
  <testcase name="Then the user logs out of the dashboard​​​​​​​​​​​​​​​​​​​" classname="gov.DA.dashboard.test.steps.DailyRegression" time="5.383"/>
  <testcase name="Then they should see the home page​​​​​​​​​​​​​​​​​​​" classname="gov.DA.dashboard.test.steps.DailyRegression" time="0.186"/>
  <testcase name="Given the user is on the dashboard page​​​​​​​​​​​​​​​​​​​​" classname="gov.DA.dashboard.test.steps.DailyRegression" time="1.93"/>
  <testcase name="When the user logs into the dashboard with &lt;username&gt; and &lt;password&gt;​​​​​​​​​​​​​​​​​​​​" classname="gov.DA.dashboard.test.steps.DailyRegression" time="9.663"/>
  <testcase name="Then the user views additional resources with the &lt;username&gt;​​" classname="gov.DA.dashboard.test.steps.DailyRegression" time="13.2"/>
  <testcase name="Then the user should view the list of FOAs with &lt;username&gt;​​" classname="gov.DA.dashboard.test.steps.DailyRegression" time="3.016"/>
  <testcase name="Then the user logs out of the dashboard​​​​​​​​​​​​​​​​​​​​" classname="gov.DA.dashboard.test.steps.DailyRegression" time="5.184"/>
  <testcase name="Then they should see the home page​​​​​​​​​​​​​​​​​​​​" classname="gov.DA.dashboard.test.steps.DailyRegression" time="0.183"/>
  <testcase name="Given the user is on the dashboard page​​​​​​​​​​​​​​​​​​​​​" classname="gov.DA.dashboard.test.steps.DailyRegression" time="1.956"/>
  <testcase name="When the user logs into the dashboard with &lt;username&gt; and &lt;password&gt;​​​​​​​​​​​​​​​​​​​​​" classname="gov.DA.dashboard.test.steps.DailyRegression" time="6.529"/>
  <testcase name="Then the user views additional resources with the &lt;username&gt;​​​" classname="gov.DA.dashboard.test.steps.DailyRegression" time="13.295"/>
  <testcase name="Then the user should view the list of FOAs with &lt;username&gt;​​​" classname="gov.DA.dashboard.test.steps.DailyRegression" time="3.179"/>
  <testcase name="Then the user logs out of the dashboard​​​​​​​​​​​​​​​​​​​​​" classname="gov.DA.dashboard.test.steps.DailyRegression" time="5.069"/>
  <testcase name="Then they should see the home page​​​​​​​​​​​​​​​​​​​​​" classname="gov.DA.dashboard.test.steps.DailyRegression" time="0.184"/>
  <testcase name="Given the user is on the dashboard page​​​​​​​​​​​​​​​​​​​​​​" classname="gov.DA.dashboard.test.steps.DailyRegression" time="2.162"/>
  <testcase name="When the user logs into the dashboard with &lt;username&gt; and &lt;password&gt;​​​​​​​​​​​​​​​​​​​​​​" classname="gov.DA.dashboard.test.steps.DailyRegression" time="6.503"/>
  <testcase name="Then the user views additional resources with the &lt;username&gt;​​​​" classname="gov.DA.dashboard.test.steps.DailyRegression" time="13.286"/>
  <testcase name="Then the user should view the list of FOAs with &lt;username&gt;​​​​" classname="gov.DA.dashboard.test.steps.DailyRegression" time="3.029"/>
  <testcase name="Then the user logs out of the dashboard​​​​​​​​​​​​​​​​​​​​​​" classname="gov.DA.dashboard.test.steps.DailyRegression" time="5.084"/>
  <testcase name="Then they should see the home page​​​​​​​​​​​​​​​​​​​​​​" classname="gov.DA.dashboard.test.steps.DailyRegression" time="0.183"/>
  <testcase name="Given the user is on the dashboard page​​​​​​​​​​​​​​​​​​​​​​​" classname="gov.DA.dashboard.test.steps.DailyRegression" time="1.932"/>
  <testcase name="When the user logs into the dashboard with &lt;username&gt; and &lt;password&gt;​​​​​​​​​​​​​​​​​​​​​​​" classname="gov.DA.dashboard.test.steps.DailyRegression" time="6.536"/>
  <testcase name="Then the user views additional resources with the &lt;username&gt;​​​​​" classname="gov.DA.dashboard.test.steps.DailyRegression" time="13.193"/>
  <testcase name="Then the user should view the list of FOAs with &lt;username&gt;​​​​​" classname="gov.DA.dashboard.test.steps.DailyRegression" time="2.19"/>
  <testcase name="Then the user logs out of the dashboard​​​​​​​​​​​​​​​​​​​​​​​" classname="gov.DA.dashboard.test.steps.DailyRegression" time="5.083"/>
  <testcase name="Then they should see the home page​​​​​​​​​​​​​​​​​​​​​​​" classname="gov.DA.dashboard.test.steps.DailyRegression" time="0.182"/>
  <testcase name="Given the user is on the dashboard page​​​​​​​​​​​​​​​​​​​​​​​​" classname="gov.DA.dashboard.test.steps.DailyRegression" time="2.034"/>
  <testcase name="When the user logs into the dashboard with &lt;username&gt; and &lt;password&gt;​​​​​​​​​​​​​​​​​​​​​​​​" classname="gov.DA.dashboard.test.steps.DailyRegression" time="6.439"/>
  <testcase name="Then the user views additional resources with the &lt;username&gt;​​​​​​" classname="gov.DA.dashboard.test.steps.DailyRegression" time="13.292"/>
  <testcase name="Then the user should view the list of FOAs with &lt;username&gt;​​​​​​" classname="gov.DA.dashboard.test.steps.DailyRegression" time="2.158"/>
  <testcase name="Then the user logs out of the dashboard​​​​​​​​​​​​​​​​​​​​​​​​" classname="gov.DA.dashboard.test.steps.DailyRegression" time="5.467"/>
  <testcase name="Then they should see the home page​​​​​​​​​​​​​​​​​​​​​​​​" classname="gov.DA.dashboard.test.steps.DailyRegression" time="0.186"/>
  <testcase name="Given the user is on the dashboard page​​​​​​​​​​​​​​​​​​​​​​​​​" classname="gov.DA.dashboard.test.steps.DailyRegression" time="2.038"/>
  <testcase name="When the user logs into the dashboard with &lt;username&gt; and &lt;password&gt;​​​​​​​​​​​​​​​​​​​​​​​​​" classname="gov.DA.dashboard.test.steps.DailyRegression" time="6.554"/>
  <testcase name="Then the user views additional resources with the &lt;username&gt;​​​​​​​" classname="gov.DA.dashboard.test.steps.DailyRegression" time="13.198"/>
  <testcase name="Then the user should view the list of FOAs with &lt;username&gt;​​​​​​​" classname="gov.DA.dashboard.test.steps.DailyRegression" time="2.172"/>
  <testcase name="Then the user logs out of the dashboard​​​​​​​​​​​​​​​​​​​​​​​​​" classname="gov.DA.dashboard.test.steps.DailyRegression" time="5.372"/>
  <testcase name="Then they should see the home page​​​​​​​​​​​​​​​​​​​​​​​​​" classname="gov.DA.dashboard.test.steps.DailyRegression" time="0.182"/>
  <testcase name="Given the user is on the dashboard page​​​​​​​​​​​​​​​​​​​​​​​​​​" classname="gov.DA.dashboard.test.steps.DailyRegression" time="2.16"/>
  <testcase name="When the user logs into the dashboard with &lt;username&gt; and &lt;password&gt;​​​​​​​​​​​​​​​​​​​​​​​​​​" classname="gov.DA.dashboard.test.steps.DailyRegression" time="6.533"/>
  <testcase name="Then the user views additional resources with the &lt;username&gt;​​​​​​​​" classname="gov.DA.dashboard.test.steps.DailyRegression" time="13.195"/>
  <testcase name="Then the user should view the list of FOAs with &lt;username&gt;​​​​​​​​" classname="gov.DA.dashboard.test.steps.DailyRegression" time="2.177"/>
  <testcase name="Then the user logs out of the dashboard​​​​​​​​​​​​​​​​​​​​​​​​​​" classname="gov.DA.dashboard.test.steps.DailyRegression" time="4.985"/>
  <testcase name="Then they should see the home page​​​​​​​​​​​​​​​​​​​​​​​​​​" classname="gov.DA.dashboard.test.steps.DailyRegression" time="0.205"/>
  <testcase name="Given the user is on the dashboard page​​​​​​​​​​​​​​​​​​​​​​​​​​​" classname="gov.DA.dashboard.test.steps.DailyRegression" time="1.908"/>
  <testcase name="When the user logs into the dashboard with &lt;username&gt; and &lt;password&gt;​​​​​​​​​​​​​​​​​​​​​​​​​​​" classname="gov.DA.dashboard.test.steps.DailyRegression" time="6.432"/>
  <testcase name="Then the user views additional resources with the &lt;username&gt;​​​​​​​​​" classname="gov.DA.dashboard.test.steps.DailyRegression" time="13.201"/>
  <testcase name="Then the user should view the list of FOAs with &lt;username&gt;​​​​​​​​​" classname="gov.DA.dashboard.test.steps.DailyRegression" time="2.15"/>
  <testcase name="Then the user logs out of the dashboard​​​​​​​​​​​​​​​​​​​​​​​​​​​" classname="gov.DA.dashboard.test.steps.DailyRegression" time="5.417"/>
  <testcase name="Then they should see the home page​​​​​​​​​​​​​​​​​​​​​​​​​​​" classname="gov.DA.dashboard.test.steps.DailyRegression" time="0.194"/>
  <testcase name="Given the user is on the dashboard page​​​​​​​​​​​​​​​​​​​​​​​​​​​​" classname="gov.DA.dashboard.test.steps.DailyRegression" time="2.323"/>
  <testcase name="When the user logs into the dashboard with &lt;username&gt; and &lt;password&gt;​​​​​​​​​​​​​​​​​​​​​​​​​​​​" classname="gov.DA.dashboard.test.steps.DailyRegression" time="6.427"/>
  <testcase name="Then the user views additional resources with the &lt;username&gt;​​​​​​​​​​" classname="gov.DA.dashboard.test.steps.DailyRegression" time="13.198"/>
  <testcase name="Then the user should view the list of FOAs with &lt;username&gt;​​​​​​​​​​" classname="gov.DA.dashboard.test.steps.DailyRegression" time="2.152"/>
  <testcase name="Then the user logs out of the dashboard​​​​​​​​​​​​​​​​​​​​​​​​​​​​" classname="gov.DA.dashboard.test.steps.DailyRegression" time="5.375"/>
  <testcase name="Then they should see the home page​​​​​​​​​​​​​​​​​​​​​​​​​​​​" classname="gov.DA.dashboard.test.steps.DailyRegression" time="0.185"/>
  <testcase name="Given the user is on the dashboard page​​​​​​​​​​​​​​​​​​​​​​​​​​​​​" classname="gov.DA.dashboard.test.steps.DailyRegression" time="2.272"/>
  <testcase name="When the user logs into the dashboard with &lt;username&gt; and &lt;password&gt;​​​​​​​​​​​​​​​​​​​​​​​​​​​​​" classname="gov.DA.dashboard.test.steps.DailyRegression" time="6.531"/>
  <testcase name="Then the user views additional resources with the &lt;username&gt;​​​​​​​​​​​" classname="gov.DA.dashboard.test.steps.DailyRegression" time="13.198"/>
  <testcase name="Then the user should view the list of FOAs with &lt;username&gt;​​​​​​​​​​​" classname="gov.DA.dashboard.test.steps.DailyRegression" time="3.045"/>
  <testcase name="Then the user logs out of the dashboard​​​​​​​​​​​​​​​​​​​​​​​​​​​​​" classname="gov.DA.dashboard.test.steps.DailyRegression" time="5.055"/>
  <testcase name="Then they should see the home page​​​​​​​​​​​​​​​​​​​​​​​​​​​​​" classname="gov.DA.dashboard.test.steps.DailyRegression" time="0.187"/>
  <testcase name="Given the user is on the dashboard page​​​​​​​​​​​​​​​​​​​​​​​​​​​​​​" classname="gov.DA.dashboard.test.steps.DailyRegression" time="2.047"/>
  <testcase name="When the user logs into the dashboard with &lt;username&gt; and &lt;password&gt;​​​​​​​​​​​​​​​​​​​​​​​​​​​​​​" classname="gov.DA.dashboard.test.steps.DailyRegression" time="9.622"/>
  <testcase name="Then the user views additional resources with the &lt;username&gt;​​​​​​​​​​​​" classname="gov.DA.dashboard.test.steps.DailyRegression" time="13.198"/>
  <testcase name="Then the user should view the list of FOAs with &lt;username&gt;​​​​​​​​​​​​" classname="gov.DA.dashboard.test.steps.DailyRegression" time="3.038"/>
  <testcase name="Then the user logs out of the dashboard​​​​​​​​​​​​​​​​​​​​​​​​​​​​​​" classname="gov.DA.dashboard.test.steps.DailyRegression" time="5.238"/>
  <testcase name="Then they should see the home page​​​​​​​​​​​​​​​​​​​​​​​​​​​​​​" classname="gov.DA.dashboard.test.steps.DailyRegression" time="0.178"/>
  <testcase name="Given the user is on the dashboard page​​​​​​​​​​​​​​​​​​​​​​​​​​​​​​​" classname="gov.DA.dashboard.test.steps.DailyRegression" time="2.271"/>
  <testcase name="When the user logs into the dashboard with &lt;username&gt; and &lt;password&gt;​​​​​​​​​​​​​​​​​​​​​​​​​​​​​​​" classname="gov.DA.dashboard.test.steps.DailyRegression" time="6.606"/>
  <testcase name="Then the user views additional resources with the &lt;username&gt;​​​​​​​​​​​​​" classname="gov.DA.dashboard.test.steps.DailyRegression" time="13.201"/>
  <testcase name="Then the user should view the list of FOAs with &lt;username&gt;​​​​​​​​​​​​​" classname="gov.DA.dashboard.test.steps.DailyRegression" time="3.053"/>
  <testcase name="Then the user logs out of the dashboard​​​​​​​​​​​​​​​​​​​​​​​​​​​​​​​" classname="gov.DA.dashboard.test.steps.DailyRegression" time="5.125"/>
  <testcase name="Then they should see the home page​​​​​​​​​​​​​​​​​​​​​​​​​​​​​​​" classname="gov.DA.dashboard.test.steps.DailyRegression" time="0.185"/>
  <testcase name="Given the user is on the dashboard page​​​​​​​​​​​​​​​​​​​​​​​​​​​​​​​​" classname="gov.DA.dashboard.test.steps.DailyRegression" time="2.395"/>
  <testcase name="When the user logs into the dashboard with &lt;username&gt; and &lt;password&gt;​​​​​​​​​​​​​​​​​​​​​​​​​​​​​​​​" classname="gov.DA.dashboard.test.steps.DailyRegression" time="6.53"/>
  <testcase name="Then the user views additional resources with the &lt;username&gt;​​​​​​​​​​​​​​" classname="gov.DA.dashboard.test.steps.DailyRegression" time="13.193"/>
  <testcase name="Then the user should view the list of FOAs with &lt;username&gt;​​​​​​​​​​​​​​" classname="gov.DA.dashboard.test.steps.DailyRegression" time="3.036"/>
  <testcase name="Then the user logs out of the dashboard​​​​​​​​​​​​​​​​​​​​​​​​​​​​​​​​" classname="gov.DA.dashboard.test.steps.DailyRegression" time="5.17"/>
  <testcase name="Then they should see the home page​​​​​​​​​​​​​​​​​​​​​​​​​​​​​​​​" classname="gov.DA.dashboard.test.steps.DailyRegression" time="0.19"/>
  <testcase name="Given the user is on the dashboard page​​​​​​​​​​​​​​​​​​​​​​​​​​​​​​​​​" classname="gov.DA.dashboard.test.steps.DailyRegression" time="2.207"/>
  <testcase name="When the user logs into the dashboard with &lt;username&gt; and &lt;password&gt;​​​​​​​​​​​​​​​​​​​​​​​​​​​​​​​​​" classname="gov.DA.dashboard.test.steps.DailyRegression" time="6.534"/>
  <testcase name="Then the user views additional resources with the &lt;username&gt;​​​​​​​​​​​​​​​" classname="gov.DA.dashboard.test.steps.DailyRegression" time="13.202"/>
  <testcase name="Then the user should view the list of FOAs with &lt;username&gt;​​​​​​​​​​​​​​​" classname="gov.DA.dashboard.test.steps.DailyRegression" time="3.043"/>
  <testcase name="Then the user logs out of the dashboard​​​​​​​​​​​​​​​​​​​​​​​​​​​​​​​​​" classname="gov.DA.dashboard.test.steps.DailyRegression" time="5.18"/>
  <testcase name="Then they should see the home page​​​​​​​​​​​​​​​​​​​​​​​​​​​​​​​​​" classname="gov.DA.dashboard.test.steps.DailyRegression" time="0.184"/>
  <testcase name="Given the user is on the dashboard page​​​​​​​​​​​​​​​​​​​​​​​​​​​​​​​​​​" classname="gov.DA.dashboard.test.steps.DailyRegression" time="2.074"/>
  <testcase name="When the user logs into the dashboard with &lt;username&gt; and &lt;password&gt;​​​​​​​​​​​​​​​​​​​​​​​​​​​​​​​​​​" classname="gov.DA.dashboard.test.steps.DailyRegression" time="6.525"/>
  <testcase name="Then the user views additional resources with the &lt;username&gt;​​​​​​​​​​​​​​​​" classname="gov.DA.dashboard.test.steps.DailyRegression" time="13.196"/>
  <testcase name="Then the user should view the list of FOAs with &lt;username&gt;​​​​​​​​​​​​​​​​" classname="gov.DA.dashboard.test.steps.DailyRegression" time="3.058"/>
  <testcase name="Then the user logs out of the dashboard​​​​​​​​​​​​​​​​​​​​​​​​​​​​​​​​​​" classname="gov.DA.dashboard.test.steps.DailyRegression" time="5.134"/>
  <testcase name="Then they should see the home page​​​​​​​​​​​​​​​​​​​​​​​​​​​​​​​​​​" classname="gov.DA.dashboard.test.steps.DailyRegression" time="0.185"/>
  <testcase name="Given the user is on the dashboard page​​​​​​​​​​​​​​​​​​​​​​​​​​​​​​​​​​​" classname="gov.DA.dashboard.test.steps.DailyRegression" time="2.119"/>
  <testcase name="When the user logs into the dashboard with &lt;username&gt; and &lt;password&gt;​​​​​​​​​​​​​​​​​​​​​​​​​​​​​​​​​​​" classname="gov.DA.dashboard.test.steps.DailyRegression" time="6.428"/>
  <testcase name="Then the user views additional resources with the &lt;username&gt;​​​​​​​​​​​​​​​​​" classname="gov.DA.dashboard.test.steps.DailyRegression" time="13.197"/>
  <testcase name="Then the user should view the list of FOAs with &lt;username&gt;​​​​​​​​​​​​​​​​​" classname="gov.DA.dashboard.test.steps.DailyRegression" time="2.19"/>
  <testcase name="Then the user logs out of the dashboard​​​​​​​​​​​​​​​​​​​​​​​​​​​​​​​​​​​" classname="gov.DA.dashboard.test.steps.DailyRegression" time="5.302"/>
  <testcase name="Then they should see the home page​​​​​​​​​​​​​​​​​​​​​​​​​​​​​​​​​​​" classname="gov.DA.dashboard.test.steps.DailyRegression" time="0.186"/>
  <testcase name="Scenario: View personalized list of FOAs from the additional resources" classname="Scenario: View personalized list of FOAs from the additional resources" time="0.188"/>
  <testcase name="Given the user is on the dashboard page​​​​​​​​​​​​​​​​​​​​​​​​​​​​​​​​​​​​" classname="gov.DA.dashboard.test.steps.DailyRegression" time="1.73"/>
  <testcase name="When the user logs into the dashboard with &lt;username&gt; and &lt;password&gt;​​​​​​​​​​​​​​​​​​​​​​​​​​​​​​​​​​​​" classname="gov.DA.dashboard.test.steps.DailyRegression" time="6.523"/>
  <testcase name="Then the user reviews the application with &lt;username&gt;" classname="gov.DA.dashboard.test.steps.DailyRegression" time="15.204"/>
  <testcase name="Then the user should view mailing address information with &lt;username&gt;" classname="gov.DA.dashboard.test.steps.DailyRegression" time="3.216"/>
  <testcase name="Then the user should view phone number information with &lt;username&gt;" classname="gov.DA.dashboard.test.steps.DailyRegression" time="0.149"/>
  <testcase name="Then the user should view electronic fund information with &lt;username&gt;" classname="gov.DA.dashboard.test.steps.DailyRegression" time="0.148"/>
  <testcase name="Then the user should view insurance information with &lt;username&gt;" classname="gov.DA.dashboard.test.steps.DailyRegression" time="0.15"/>
  <testcase name="Then the user should update mailing address information" classname="gov.DA.dashboard.test.steps.DailyRegression" time="7.56"/>
  <testcase name="Then the user should update phone number information with &lt;username&gt;" classname="gov.DA.dashboard.test.steps.DailyRegression" time="5.492"/>
  <testcase name="Then the user should update insurance information with &lt;username&gt;" classname="gov.DA.dashboard.test.steps.DailyRegression" time="4.659"/>
  <testcase name="Then the user goes back to the summary page" classname="gov.DA.dashboard.test.steps.DailyRegression" time="4.762"/>
  <testcase name="Then the user reviews the application with &lt;username&gt;​" classname="gov.DA.dashboard.test.steps.DailyRegression" time="15.198"/>
  <testcase name="Then the user should see their saved mailing information" classname="gov.DA.dashboard.test.steps.DailyRegression" time="5.515"/>
  <testcase name="Then the user should see their saved phone number information" classname="gov.DA.dashboard.test.steps.DailyRegression" time="4.261"/>
  <testcase name="Then the user should see their saved insurance information with &lt;username&gt;" classname="gov.DA.dashboard.test.steps.DailyRegression" time="2.313"/>
  <testcase name="Then the user logs out of the dashboard​​​​​​​​​​​​​​​​​​​​​​​​​​​​​​​​​​​​" classname="gov.DA.dashboard.test.steps.DailyRegression" time="5.271"/>
  <testcase name="Then they should see the home page​​​​​​​​​​​​​​​​​​​​​​​​​​​​​​​​​​​​" classname="gov.DA.dashboard.test.steps.DailyRegression" time="0.193"/>
  <testcase name="Given the user is on the dashboard page​​​​​​​​​​​​​​​​​​​​​​​​​​​​​​​​​​​​​" classname="gov.DA.dashboard.test.steps.DailyRegression" time="2.288"/>
  <testcase name="When the user logs into the dashboard with &lt;username&gt; and &lt;password&gt;​​​​​​​​​​​​​​​​​​​​​​​​​​​​​​​​​​​​​" classname="gov.DA.dashboard.test.steps.DailyRegression" time="6.57"/>
  <testcase name="Then the user reviews the application with &lt;username&gt;​​" classname="gov.DA.dashboard.test.steps.DailyRegression" time="15.201"/>
  <testcase name="Then the user should view mailing address information with &lt;username&gt;​" classname="gov.DA.dashboard.test.steps.DailyRegression" time="3.235"/>
  <testcase name="Then the user should view phone number information with &lt;username&gt;​" classname="gov.DA.dashboard.test.steps.DailyRegression" time="0.277"/>
  <testcase name="Then the user should view electronic fund information with &lt;username&gt;​" classname="gov.DA.dashboard.test.steps.DailyRegression" time="0.153"/>
  <testcase name="Then the user should view insurance information with &lt;username&gt;​" classname="gov.DA.dashboard.test.steps.DailyRegression" time="0.334"/>
  <testcase name="Then the user should update mailing address information​" classname="gov.DA.dashboard.test.steps.DailyRegression" time="7.646"/>
  <testcase name="Then the user should update phone number information with &lt;username&gt;​" classname="gov.DA.dashboard.test.steps.DailyRegression" time="6.076"/>
  <testcase name="Then the user should update insurance information with &lt;username&gt;​" classname="gov.DA.dashboard.test.steps.DailyRegression" time="4.634"/>
  <testcase name="Then the user goes back to the summary page​" classname="gov.DA.dashboard.test.steps.DailyRegression" time="4.911"/>
  <testcase name="Then the user reviews the application with &lt;username&gt;​​​" classname="gov.DA.dashboard.test.steps.DailyRegression" time="15.206"/>
  <testcase name="Then the user should see their saved mailing information​" classname="gov.DA.dashboard.test.steps.DailyRegression" time="5.363"/>
  <testcase name="Then the user should see their saved phone number information​" classname="gov.DA.dashboard.test.steps.DailyRegression" time="4.251"/>
  <testcase name="Then the user should see their saved insurance information with &lt;username&gt;​" classname="gov.DA.dashboard.test.steps.DailyRegression" time="2.309"/>
  <testcase name="Then the user logs out of the dashboard​​​​​​​​​​​​​​​​​​​​​​​​​​​​​​​​​​​​​" classname="gov.DA.dashboard.test.steps.DailyRegression" time="5.35"/>
  <testcase name="Then they should see the home page​​​​​​​​​​​​​​​​​​​​​​​​​​​​​​​​​​​​​" classname="gov.DA.dashboard.test.steps.DailyRegression" time="0.19"/>
  <testcase name="Given the user is on the dashboard page​​​​​​​​​​​​​​​​​​​​​​​​​​​​​​​​​​​​​​" classname="gov.DA.dashboard.test.steps.DailyRegression" time="1.922"/>
  <testcase name="When the user logs into the dashboard with &lt;username&gt; and &lt;password&gt;​​​​​​​​​​​​​​​​​​​​​​​​​​​​​​​​​​​​​​" classname="gov.DA.dashboard.test.steps.DailyRegression" time="9.546"/>
  <testcase name="Then the user reviews the application with &lt;username&gt;​​​​" classname="gov.DA.dashboard.test.steps.DailyRegression" time="15.198"/>
  <testcase name="Then the user should view mailing address information with &lt;username&gt;​​" classname="gov.DA.dashboard.test.steps.DailyRegression" time="3.227"/>
  <testcase name="Then the user should view phone number information with &lt;username&gt;​​" classname="gov.DA.dashboard.test.steps.DailyRegression" time="0.15"/>
  <testcase name="Then the user should view electronic fund information with &lt;username&gt;​​" classname="gov.DA.dashboard.test.steps.DailyRegression" time="0.148"/>
  <testcase name="Then the user should view insurance information with &lt;username&gt;​​" classname="gov.DA.dashboard.test.steps.DailyRegression" time="0.149"/>
  <testcase name="Then the user should update mailing address information​​" classname="gov.DA.dashboard.test.steps.DailyRegression" time="7.616"/>
  <testcase name="Then the user should update phone number information with &lt;username&gt;​​" classname="gov.DA.dashboard.test.steps.DailyRegression" time="5.33"/>
  <testcase name="Then the user should update insurance information with &lt;username&gt;​​" classname="gov.DA.dashboard.test.steps.DailyRegression" time="4.664"/>
  <testcase name="Then the user goes back to the summary page​​" classname="gov.DA.dashboard.test.steps.DailyRegression" time="5.199"/>
  <testcase name="Then the user reviews the application with &lt;username&gt;​​​​​" classname="gov.DA.dashboard.test.steps.DailyRegression" time="15.196"/>
  <testcase name="Then the user should see their saved mailing information​​" classname="gov.DA.dashboard.test.steps.DailyRegression" time="5.355"/>
  <testcase name="Then the user should see their saved phone number information​​" classname="gov.DA.dashboard.test.steps.DailyRegression" time="4.311"/>
  <testcase name="Then the user should see their saved insurance information with &lt;username&gt;​​" classname="gov.DA.dashboard.test.steps.DailyRegression" time="2.297"/>
  <testcase name="Then the user logs out of the dashboard​​​​​​​​​​​​​​​​​​​​​​​​​​​​​​​​​​​​​​" classname="gov.DA.dashboard.test.steps.DailyRegression" time="5.176"/>
  <testcase name="Then they should see the home page​​​​​​​​​​​​​​​​​​​​​​​​​​​​​​​​​​​​​​" classname="gov.DA.dashboard.test.steps.DailyRegression" time="0.179"/>
  <testcase name="Given the user is on the dashboard page​​​​​​​​​​​​​​​​​​​​​​​​​​​​​​​​​​​​​​​" classname="gov.DA.dashboard.test.steps.DailyRegression" time="2.166"/>
  <testcase name="When the user logs into the dashboard with &lt;username&gt; and &lt;password&gt;​​​​​​​​​​​​​​​​​​​​​​​​​​​​​​​​​​​​​​​" classname="gov.DA.dashboard.test.steps.DailyRegression" time="6.54"/>
  <testcase name="Then the user reviews the application with &lt;username&gt;​​​​​​" classname="gov.DA.dashboard.test.steps.DailyRegression" time="15.198"/>
  <testcase name="Then the user should view mailing address information with &lt;username&gt;​​​" classname="gov.DA.dashboard.test.steps.DailyRegression" time="3.214"/>
  <testcase name="Then the user should view phone number information with &lt;username&gt;​​​" classname="gov.DA.dashboard.test.steps.DailyRegression" time="0.148"/>
  <testcase name="Then the user should view electronic fund information with &lt;username&gt;​​​" classname="gov.DA.dashboard.test.steps.DailyRegression" time="0.149"/>
  <testcase name="Then the user should view insurance information with &lt;username&gt;​​​" classname="gov.DA.dashboard.test.steps.DailyRegression" time="0.151"/>
  <testcase name="Then the user should update mailing address information​​​" classname="gov.DA.dashboard.test.steps.DailyRegression" time="7.555"/>
  <testcase name="Then the user should update phone number information with &lt;username&gt;​​​" classname="gov.DA.dashboard.test.steps.DailyRegression" time="5.522"/>
  <testcase name="Then the user should update insurance information with &lt;username&gt;​​​" classname="gov.DA.dashboard.test.steps.DailyRegression" time="4.656"/>
  <testcase name="Then the user goes back to the summary page​​​" classname="gov.DA.dashboard.test.steps.DailyRegression" time="4.763"/>
  <testcase name="Then the user reviews the application with &lt;username&gt;​​​​​​​" classname="gov.DA.dashboard.test.steps.DailyRegression" time="15.326"/>
  <testcase name="Then the user should see their saved mailing information​​​" classname="gov.DA.dashboard.test.steps.DailyRegression" time="5.362"/>
  <testcase name="Then the user should see their saved phone number information​​​" classname="gov.DA.dashboard.test.steps.DailyRegression" time="4.25"/>
  <testcase name="Then the user should see their saved insurance information with &lt;username&gt;​​​" classname="gov.DA.dashboard.test.steps.DailyRegression" time="2.304"/>
  <testcase name="Then the user logs out of the dashboard​​​​​​​​​​​​​​​​​​​​​​​​​​​​​​​​​​​​​​​" classname="gov.DA.dashboard.test.steps.DailyRegression" time="5.102"/>
  <testcase name="Then they should see the home page​​​​​​​​​​​​​​​​​​​​​​​​​​​​​​​​​​​​​​​" classname="gov.DA.dashboard.test.steps.DailyRegression" time="0.183"/>
  <testcase name="Given the user is on the dashboard page​​​​​​​​​​​​​​​​​​​​​​​​​​​​​​​​​​​​​​​​" classname="gov.DA.dashboard.test.steps.DailyRegression" time="1.639"/>
  <testcase name="When the user logs into the dashboard with &lt;username&gt; and &lt;password&gt;​​​​​​​​​​​​​​​​​​​​​​​​​​​​​​​​​​​​​​​​" classname="gov.DA.dashboard.test.steps.DailyRegression" time="6.533"/>
  <testcase name="Then the user reviews the application with &lt;username&gt;​​​​​​​​" classname="gov.DA.dashboard.test.steps.DailyRegression" time="15.193"/>
  <testcase name="Then the user should view mailing address information with &lt;username&gt;​​​​" classname="gov.DA.dashboard.test.steps.DailyRegression" time="3.222"/>
  <testcase name="Then the user should view phone number information with &lt;username&gt;​​​​" classname="gov.DA.dashboard.test.steps.DailyRegression" time="0.148"/>
  <testcase name="Then the user should view electronic fund information with &lt;username&gt;​​​​" classname="gov.DA.dashboard.test.steps.DailyRegression" time="0.149"/>
  <testcase name="Then the user should view insurance information with &lt;username&gt;​​​​" classname="gov.DA.dashboard.test.steps.DailyRegression" time="0.149"/>
  <testcase name="Then the user should update mailing address information​​​​" classname="gov.DA.dashboard.test.steps.DailyRegression" time="7.551"/>
  <testcase name="Then the user should update phone number information with &lt;username&gt;​​​​" classname="gov.DA.dashboard.test.steps.DailyRegression" time="5.368"/>
  <testcase name="Then the user should update insurance information with &lt;username&gt;​​​​" classname="gov.DA.dashboard.test.steps.DailyRegression" time="4.577"/>
  <testcase name="Then the user goes back to the summary page​​​​" classname="gov.DA.dashboard.test.steps.DailyRegression" time="4.763"/>
  <testcase name="Then the user reviews the application with &lt;username&gt;​​​​​​​​​" classname="gov.DA.dashboard.test.steps.DailyRegression" time="15.191"/>
  <testcase name="Then the user should see their saved mailing information​​​​" classname="gov.DA.dashboard.test.steps.DailyRegression" time="5.351"/>
  <testcase name="Then the user should see their saved phone number information​​​​" classname="gov.DA.dashboard.test.steps.DailyRegression" time="4.242"/>
  <testcase name="Then the user should see their saved insurance information with &lt;username&gt;​​​​" classname="gov.DA.dashboard.test.steps.DailyRegression" time="2.292"/>
  <testcase name="Then the user logs out of the dashboard​​​​​​​​​​​​​​​​​​​​​​​​​​​​​​​​​​​​​​​​" classname="gov.DA.dashboard.test.steps.DailyRegression" time="5.06"/>
  <testcase name="Then they should see the home page​​​​​​​​​​​​​​​​​​​​​​​​​​​​​​​​​​​​​​​​" classname="gov.DA.dashboard.test.steps.DailyRegression" time="0.188"/>
  <testcase name="Given the user is on the dashboard page​​​​​​​​​​​​​​​​​​​​​​​​​​​​​​​​​​​​​​​​​" classname="gov.DA.dashboard.test.steps.DailyRegression" time="2.023"/>
  <testcase name="When the user logs into the dashboard with &lt;username&gt; and &lt;password&gt;​​​​​​​​​​​​​​​​​​​​​​​​​​​​​​​​​​​​​​​​​" classname="gov.DA.dashboard.test.steps.DailyRegression" time="6.525"/>
  <testcase name="Then the user reviews the application with &lt;username&gt;​​​​​​​​​​" classname="gov.DA.dashboard.test.steps.DailyRegression" time="15.197"/>
  <testcase name="Then the user should view mailing address information with &lt;username&gt;​​​​​" classname="gov.DA.dashboard.test.steps.DailyRegression" time="3.215"/>
  <testcase name="Then the user should view phone number information with &lt;username&gt;​​​​​" classname="gov.DA.dashboard.test.steps.DailyRegression" time="0.15"/>
  <testcase name="Then the user should view electronic fund information with &lt;username&gt;​​​​​" classname="gov.DA.dashboard.test.steps.DailyRegression" time="0.151"/>
  <testcase name="Then the user should view insurance information with &lt;username&gt;​​​​​" classname="gov.DA.dashboard.test.steps.DailyRegression" time="0.149"/>
  <testcase name="Then the user should update mailing address information​​​​​" classname="gov.DA.dashboard.test.steps.DailyRegression" time="7.521"/>
  <testcase name="Then the user should update phone number information with &lt;username&gt;​​​​​" classname="gov.DA.dashboard.test.steps.DailyRegression" time="5.465"/>
  <testcase name="Then the user should update insurance information with &lt;username&gt;​​​​​" classname="gov.DA.dashboard.test.steps.DailyRegression" time="4.667"/>
  <testcase name="Then the user goes back to the summary page​​​​​" classname="gov.DA.dashboard.test.steps.DailyRegression" time="4.855"/>
  <testcase name="Then the user reviews the application with &lt;username&gt;​​​​​​​​​​​" classname="gov.DA.dashboard.test.steps.DailyRegression" time="15.264"/>
  <testcase name="Then the user should see their saved mailing information​​​​​" classname="gov.DA.dashboard.test.steps.DailyRegression" time="5.374"/>
  <testcase name="Then the user should see their saved phone number information​​​​​" classname="gov.DA.dashboard.test.steps.DailyRegression" time="4.233"/>
  <testcase name="Then the user should see their saved insurance information with &lt;username&gt;​​​​​" classname="gov.DA.dashboard.test.steps.DailyRegression" time="2.298"/>
  <testcase name="Then the user logs out of the dashboard​​​​​​​​​​​​​​​​​​​​​​​​​​​​​​​​​​​​​​​​​" classname="gov.DA.dashboard.test.steps.DailyRegression" time="4.999"/>
  <testcase name="Then they should see the home page​​​​​​​​​​​​​​​​​​​​​​​​​​​​​​​​​​​​​​​​​" classname="gov.DA.dashboard.test.steps.DailyRegression" time="0.183"/>
  <testcase name="Given the user is on the dashboard page​​​​​​​​​​​​​​​​​​​​​​​​​​​​​​​​​​​​​​​​​​" classname="gov.DA.dashboard.test.steps.DailyRegression" time="1.775"/>
  <testcase name="When the user logs into the dashboard with &lt;username&gt; and &lt;password&gt;​​​​​​​​​​​​​​​​​​​​​​​​​​​​​​​​​​​​​​​​​​" classname="gov.DA.dashboard.test.steps.DailyRegression" time="6.532"/>
  <testcase name="Then the user reviews the application with &lt;username&gt;​​​​​​​​​​​​" classname="gov.DA.dashboard.test.steps.DailyRegression" time="15.345"/>
  <testcase name="Then the user should view mailing address information with &lt;username&gt;​​​​​​" classname="gov.DA.dashboard.test.steps.DailyRegression" time="3.319"/>
  <testcase name="Then the user should view phone number information with &lt;username&gt;​​​​​​" classname="gov.DA.dashboard.test.steps.DailyRegression" time="0.269"/>
  <testcase name="Then the user should view electronic fund information with &lt;username&gt;​​​​​​" classname="gov.DA.dashboard.test.steps.DailyRegression" time="0.179"/>
  <testcase name="Then the user should view insurance information with &lt;username&gt;​​​​​​" classname="gov.DA.dashboard.test.steps.DailyRegression" time="0.154"/>
  <testcase name="Then the user should update mailing address information​​​​​​" classname="gov.DA.dashboard.test.steps.DailyRegression" time="7.601"/>
  <testcase name="Then the user should update phone number information with &lt;username&gt;​​​​​​" classname="gov.DA.dashboard.test.steps.DailyRegression" time="5.604"/>
  <testcase name="Then the user should update insurance information with &lt;username&gt;​​​​​​" classname="gov.DA.dashboard.test.steps.DailyRegression" time="5.384"/>
  <testcase name="Then the user goes back to the summary page​​​​​​" classname="gov.DA.dashboard.test.steps.DailyRegression" time="4.871"/>
  <testcase name="Then the user reviews the application with &lt;username&gt;​​​​​​​​​​​​​" classname="gov.DA.dashboard.test.steps.DailyRegression" time="15.289"/>
  <testcase name="Then the user should see their saved mailing information​​​​​​" classname="gov.DA.dashboard.test.steps.DailyRegression" time="5.366"/>
  <testcase name="Then the user should see their saved phone number information​​​​​​" classname="gov.DA.dashboard.test.steps.DailyRegression" time="4.242"/>
  <testcase name="Then the user should see their saved insurance information with &lt;username&gt;​​​​​​" classname="gov.DA.dashboard.test.steps.DailyRegression" time="2.3"/>
  <testcase name="Then the user logs out of the dashboard​​​​​​​​​​​​​​​​​​​​​​​​​​​​​​​​​​​​​​​​​​" classname="gov.DA.dashboard.test.steps.DailyRegression" time="5.073"/>
  <testcase name="Then they should see the home page​​​​​​​​​​​​​​​​​​​​​​​​​​​​​​​​​​​​​​​​​​" classname="gov.DA.dashboard.test.steps.DailyRegression" time="0.211"/>
  <testcase name="Given the user is on the dashboard page​​​​​​​​​​​​​​​​​​​​​​​​​​​​​​​​​​​​​​​​​​​" classname="gov.DA.dashboard.test.steps.DailyRegression" time="1.626"/>
  <testcase name="When the user logs into the dashboard with &lt;username&gt; and &lt;password&gt;​​​​​​​​​​​​​​​​​​​​​​​​​​​​​​​​​​​​​​​​​​​" classname="gov.DA.dashboard.test.steps.DailyRegression" time="6.535"/>
  <testcase name="Then the user reviews the application with &lt;username&gt;​​​​​​​​​​​​​​" classname="gov.DA.dashboard.test.steps.DailyRegression" time="15.201"/>
  <testcase name="Then the user should view mailing address information with &lt;username&gt;​​​​​​​" classname="gov.DA.dashboard.test.steps.DailyRegression" time="3.223"/>
  <testcase name="Then the user should view phone number information with &lt;username&gt;​​​​​​​" classname="gov.DA.dashboard.test.steps.DailyRegression" time="0.154"/>
  <testcase name="Then the user should view electronic fund information with &lt;username&gt;​​​​​​​" classname="gov.DA.dashboard.test.steps.DailyRegression" time="0.354"/>
  <testcase name="Then the user should view insurance information with &lt;username&gt;​​​​​​​" classname="gov.DA.dashboard.test.steps.DailyRegression" time="0.154"/>
  <testcase name="Then the user should update mailing address information​​​​​​​" classname="gov.DA.dashboard.test.steps.DailyRegression" time="7.517"/>
  <testcase name="Then the user should update phone number information with &lt;username&gt;​​​​​​​" classname="gov.DA.dashboard.test.steps.DailyRegression" time="5.585"/>
  <testcase name="Then the user should update insurance information with &lt;username&gt;​​​​​​​" classname="gov.DA.dashboard.test.steps.DailyRegression" time="4.836"/>
  <testcase name="Then the user goes back to the summary page​​​​​​​" classname="gov.DA.dashboard.test.steps.DailyRegression" time="5.094"/>
  <testcase name="Then the user reviews the application with &lt;username&gt;​​​​​​​​​​​​​​​" classname="gov.DA.dashboard.test.steps.DailyRegression" time="15.266"/>
  <testcase name="Then the user should see their saved mailing information​​​​​​​" classname="gov.DA.dashboard.test.steps.DailyRegression" time="5.533"/>
  <testcase name="Then the user should see their saved phone number information​​​​​​​" classname="gov.DA.dashboard.test.steps.DailyRegression" time="4.361"/>
  <testcase name="Then the user should see their saved insurance information with &lt;username&gt;​​​​​​​" classname="gov.DA.dashboard.test.steps.DailyRegression" time="2.302"/>
  <testcase name="Then the user logs out of the dashboard​​​​​​​​​​​​​​​​​​​​​​​​​​​​​​​​​​​​​​​​​​​" classname="gov.DA.dashboard.test.steps.DailyRegression" time="5.014"/>
  <testcase name="Then they should see the home page​​​​​​​​​​​​​​​​​​​​​​​​​​​​​​​​​​​​​​​​​​​" classname="gov.DA.dashboard.test.steps.DailyRegression" time="0.19"/>
  <testcase name="Given the user is on the dashboard page​​​​​​​​​​​​​​​​​​​​​​​​​​​​​​​​​​​​​​​​​​​​" classname="gov.DA.dashboard.test.steps.DailyRegression" time="1.686"/>
  <testcase name="When the user logs into the dashboard with &lt;username&gt; and &lt;password&gt;​​​​​​​​​​​​​​​​​​​​​​​​​​​​​​​​​​​​​​​​​​​​" classname="gov.DA.dashboard.test.steps.DailyRegression" time="6.538"/>
  <testcase name="Then the user reviews the application with &lt;username&gt;​​​​​​​​​​​​​​​​" classname="gov.DA.dashboard.test.steps.DailyRegression" time="15.198"/>
  <testcase name="Then the user should view mailing address information with &lt;username&gt;​​​​​​​​" classname="gov.DA.dashboard.test.steps.DailyRegression" time="3.21"/>
  <testcase name="Then the user should view phone number information with &lt;username&gt;​​​​​​​​" classname="gov.DA.dashboard.test.steps.DailyRegression" time="0.15"/>
  <testcase name="Then the user should view electronic fund information with &lt;username&gt;​​​​​​​​" classname="gov.DA.dashboard.test.steps.DailyRegression" time="0.151"/>
  <testcase name="Then the user should view insurance information with &lt;username&gt;​​​​​​​​" classname="gov.DA.dashboard.test.steps.DailyRegression" time="0.148"/>
  <testcase name="Then the user should update mailing address information​​​​​​​​" classname="gov.DA.dashboard.test.steps.DailyRegression" time="7.642"/>
  <testcase name="Then the user should update phone number information with &lt;username&gt;​​​​​​​​" classname="gov.DA.dashboard.test.steps.DailyRegression" time="5.379"/>
  <testcase name="Then the user should update insurance information with &lt;username&gt;​​​​​​​​" classname="gov.DA.dashboard.test.steps.DailyRegression" time="4.563"/>
  <testcase name="Then the user goes back to the summary page​​​​​​​​" classname="gov.DA.dashboard.test.steps.DailyRegression" time="4.759"/>
  <testcase name="Then the user reviews the application with &lt;username&gt;​​​​​​​​​​​​​​​​​" classname="gov.DA.dashboard.test.steps.DailyRegression" time="15.275"/>
  <testcase name="Then the user should see their saved mailing information​​​​​​​​" classname="gov.DA.dashboard.test.steps.DailyRegression" time="5.344"/>
  <testcase name="Then the user should see their saved phone number information​​​​​​​​" classname="gov.DA.dashboard.test.steps.DailyRegression" time="4.244"/>
  <testcase name="Then the user should see their saved insurance information with &lt;username&gt;​​​​​​​​" classname="gov.DA.dashboard.test.steps.DailyRegression" time="2.295"/>
  <testcase name="Then the user logs out of the dashboard​​​​​​​​​​​​​​​​​​​​​​​​​​​​​​​​​​​​​​​​​​​​" classname="gov.DA.dashboard.test.steps.DailyRegression" time="5.016"/>
  <testcase name="Then they should see the home page​​​​​​​​​​​​​​​​​​​​​​​​​​​​​​​​​​​​​​​​​​​​" classname="gov.DA.dashboard.test.steps.DailyRegression" time="0.191"/>
  <testcase name="Given the user is on the dashboard page​​​​​​​​​​​​​​​​​​​​​​​​​​​​​​​​​​​​​​​​​​​​​" classname="gov.DA.dashboard.test.steps.DailyRegression" time="1.627"/>
  <testcase name="When the user logs into the dashboard with &lt;username&gt; and &lt;password&gt;​​​​​​​​​​​​​​​​​​​​​​​​​​​​​​​​​​​​​​​​​​​​​" classname="gov.DA.dashboard.test.steps.DailyRegression" time="6.429"/>
  <testcase name="Then the user reviews the application with &lt;username&gt;​​​​​​​​​​​​​​​​​​" classname="gov.DA.dashboard.test.steps.DailyRegression" time="15.217"/>
  <testcase name="Then the user should view mailing address information with &lt;username&gt;​​​​​​​​​" classname="gov.DA.dashboard.test.steps.DailyRegression" time="3.214"/>
  <testcase name="Then the user should view phone number information with &lt;username&gt;​​​​​​​​​" classname="gov.DA.dashboard.test.steps.DailyRegression" time="0.147"/>
  <testcase name="Then the user should view electronic fund information with &lt;username&gt;​​​​​​​​​" classname="gov.DA.dashboard.test.steps.DailyRegression" time="0.148"/>
  <testcase name="Then the user should view insurance information with &lt;username&gt;​​​​​​​​​" classname="gov.DA.dashboard.test.steps.DailyRegression" time="0.155"/>
  <testcase name="Then the user should update mailing address information​​​​​​​​​" classname="gov.DA.dashboard.test.steps.DailyRegression" time="7.552"/>
  <testcase name="Then the user should update phone number information with &lt;username&gt;​​​​​​​​​" classname="gov.DA.dashboard.test.steps.DailyRegression" time="5.485"/>
  <testcase name="Then the user should update insurance information with &lt;username&gt;​​​​​​​​​" classname="gov.DA.dashboard.test.steps.DailyRegression" time="4.54"/>
  <testcase name="Then the user goes back to the summary page​​​​​​​​​" classname="gov.DA.dashboard.test.steps.DailyRegression" time="4.716"/>
  <testcase name="Then the user reviews the application with &lt;username&gt;​​​​​​​​​​​​​​​​​​​" classname="gov.DA.dashboard.test.steps.DailyRegression" time="15.271"/>
  <testcase name="Then the user should see their saved mailing information​​​​​​​​​" classname="gov.DA.dashboard.test.steps.DailyRegression" time="5.419"/>
  <testcase name="Then the user should see their saved phone number information​​​​​​​​​" classname="gov.DA.dashboard.test.steps.DailyRegression" time="4.235"/>
  <testcase name="Then the user should see their saved insurance information with &lt;username&gt;​​​​​​​​​" classname="gov.DA.dashboard.test.steps.DailyRegression" time="2.298"/>
  <testcase name="Then the user logs out of the dashboard​​​​​​​​​​​​​​​​​​​​​​​​​​​​​​​​​​​​​​​​​​​​​" classname="gov.DA.dashboard.test.steps.DailyRegression" time="5.058"/>
  <testcase name="Then they should see the home page​​​​​​​​​​​​​​​​​​​​​​​​​​​​​​​​​​​​​​​​​​​​​" classname="gov.DA.dashboard.test.steps.DailyRegression" time="0.196"/>
  <testcase name="Given the user is on the dashboard page​​​​​​​​​​​​​​​​​​​​​​​​​​​​​​​​​​​​​​​​​​​​​​" classname="gov.DA.dashboard.test.steps.DailyRegression" time="1.658"/>
  <testcase name="When the user logs into the dashboard with &lt;username&gt; and &lt;password&gt;​​​​​​​​​​​​​​​​​​​​​​​​​​​​​​​​​​​​​​​​​​​​​​" classname="gov.DA.dashboard.test.steps.DailyRegression" time="9.64"/>
  <testcase name="Then the user reviews the application with &lt;username&gt;​​​​​​​​​​​​​​​​​​​​" classname="gov.DA.dashboard.test.steps.DailyRegression" time="15.305"/>
  <testcase name="Then the user should view mailing address information with &lt;username&gt;​​​​​​​​​​" classname="gov.DA.dashboard.test.steps.DailyRegression" time="3.263"/>
  <testcase name="Then the user should view phone number information with &lt;username&gt;​​​​​​​​​​" classname="gov.DA.dashboard.test.steps.DailyRegression" time="0.153"/>
  <testcase name="Then the user should view electronic fund information with &lt;username&gt;​​​​​​​​​​" classname="gov.DA.dashboard.test.steps.DailyRegression" time="0.152"/>
  <testcase name="Then the user should view insurance information with &lt;username&gt;​​​​​​​​​​" classname="gov.DA.dashboard.test.steps.DailyRegression" time="0.147"/>
  <testcase name="Then the user should update mailing address information​​​​​​​​​​" classname="gov.DA.dashboard.test.steps.DailyRegression" time="7.782"/>
  <testcase name="Then the user should update phone number information with &lt;username&gt;​​​​​​​​​​" classname="gov.DA.dashboard.test.steps.DailyRegression" time="5.865"/>
  <testcase name="Then the user should update insurance information with &lt;username&gt;​​​​​​​​​​" classname="gov.DA.dashboard.test.steps.DailyRegression" time="4.687"/>
  <testcase name="Then the user goes back to the summary page​​​​​​​​​​" classname="gov.DA.dashboard.test.steps.DailyRegression" time="4.766"/>
  <testcase name="Then the user reviews the application with &lt;username&gt;​​​​​​​​​​​​​​​​​​​​​" classname="gov.DA.dashboard.test.steps.DailyRegression" time="15.197"/>
  <testcase name="Then the user should see their saved mailing information​​​​​​​​​​" classname="gov.DA.dashboard.test.steps.DailyRegression" time="5.352"/>
  <testcase name="Then the user should see their saved phone number information​​​​​​​​​​" classname="gov.DA.dashboard.test.steps.DailyRegression" time="4.238"/>
  <testcase name="Then the user should see their saved insurance information with &lt;username&gt;​​​​​​​​​​" classname="gov.DA.dashboard.test.steps.DailyRegression" time="2.294"/>
  <testcase name="Then the user logs out of the dashboard​​​​​​​​​​​​​​​​​​​​​​​​​​​​​​​​​​​​​​​​​​​​​​" classname="gov.DA.dashboard.test.steps.DailyRegression" time="4.958"/>
  <testcase name="Then they should see the home page​​​​​​​​​​​​​​​​​​​​​​​​​​​​​​​​​​​​​​​​​​​​​​" classname="gov.DA.dashboard.test.steps.DailyRegression" time="0.189"/>
  <testcase name="Given the user is on the dashboard page​​​​​​​​​​​​​​​​​​​​​​​​​​​​​​​​​​​​​​​​​​​​​​​" classname="gov.DA.dashboard.test.steps.DailyRegression" time="1.715"/>
  <testcase name="When the user logs into the dashboard with &lt;username&gt; and &lt;password&gt;​​​​​​​​​​​​​​​​​​​​​​​​​​​​​​​​​​​​​​​​​​​​​​​" classname="gov.DA.dashboard.test.steps.DailyRegression" time="6.539"/>
  <testcase name="Then the user reviews the application with &lt;username&gt;​​​​​​​​​​​​​​​​​​​​​​" classname="gov.DA.dashboard.test.steps.DailyRegression" time="15.198"/>
  <testcase name="Then the user should view mailing address information with &lt;username&gt;​​​​​​​​​​​" classname="gov.DA.dashboard.test.steps.DailyRegression" time="3.211"/>
  <testcase name="Then the user should view phone number information with &lt;username&gt;​​​​​​​​​​​" classname="gov.DA.dashboard.test.steps.DailyRegression" time="0.15"/>
  <testcase name="Then the user should view electronic fund information with &lt;username&gt;​​​​​​​​​​​" classname="gov.DA.dashboard.test.steps.DailyRegression" time="0.149"/>
  <testcase name="Then the user should view insurance information with &lt;username&gt;​​​​​​​​​​​" classname="gov.DA.dashboard.test.steps.DailyRegression" time="0.148"/>
  <testcase name="Then the user should update mailing address information​​​​​​​​​​​" classname="gov.DA.dashboard.test.steps.DailyRegression" time="7.465"/>
  <testcase name="Then the user should update phone number information with &lt;username&gt;​​​​​​​​​​​" classname="gov.DA.dashboard.test.steps.DailyRegression" time="5.482"/>
  <testcase name="Then the user should update insurance information with &lt;username&gt;​​​​​​​​​​​" classname="gov.DA.dashboard.test.steps.DailyRegression" time="4.713"/>
  <testcase name="Then the user goes back to the summary page​​​​​​​​​​​" classname="gov.DA.dashboard.test.steps.DailyRegression" time="4.73"/>
  <testcase name="Then the user reviews the application with &lt;username&gt;​​​​​​​​​​​​​​​​​​​​​​​" classname="gov.DA.dashboard.test.steps.DailyRegression" time="15.2"/>
  <testcase name="Then the user should see their saved mailing information​​​​​​​​​​​" classname="gov.DA.dashboard.test.steps.DailyRegression" time="5.38"/>
  <testcase name="Then the user should see their saved phone number information​​​​​​​​​​​" classname="gov.DA.dashboard.test.steps.DailyRegression" time="4.245"/>
  <testcase name="Then the user should see their saved insurance information with &lt;username&gt;​​​​​​​​​​​" classname="gov.DA.dashboard.test.steps.DailyRegression" time="2.297"/>
  <testcase name="Then the user logs out of the dashboard​​​​​​​​​​​​​​​​​​​​​​​​​​​​​​​​​​​​​​​​​​​​​​​" classname="gov.DA.dashboard.test.steps.DailyRegression" time="5.008"/>
  <testcase name="Then they should see the home page​​​​​​​​​​​​​​​​​​​​​​​​​​​​​​​​​​​​​​​​​​​​​​​" classname="gov.DA.dashboard.test.steps.DailyRegression" time="0.184"/>
  <testcase name="Given the user is on the dashboard page​​​​​​​​​​​​​​​​​​​​​​​​​​​​​​​​​​​​​​​​​​​​​​​​" classname="gov.DA.dashboard.test.steps.DailyRegression" time="1.809"/>
  <testcase name="When the user logs into the dashboard with &lt;username&gt; and &lt;password&gt;​​​​​​​​​​​​​​​​​​​​​​​​​​​​​​​​​​​​​​​​​​​​​​​​" classname="gov.DA.dashboard.test.steps.DailyRegression" time="6.431"/>
  <testcase name="Then the user reviews the application with &lt;username&gt;​​​​​​​​​​​​​​​​​​​​​​​​" classname="gov.DA.dashboard.test.steps.DailyRegression" time="15.2"/>
  <testcase name="Then the user should view mailing address information with &lt;username&gt;​​​​​​​​​​​​" classname="gov.DA.dashboard.test.steps.DailyRegression" time="3.207"/>
  <testcase name="Then the user should view phone number information with &lt;username&gt;​​​​​​​​​​​​" classname="gov.DA.dashboard.test.steps.DailyRegression" time="0.148"/>
  <testcase name="Then the user should view electronic fund information with &lt;username&gt;​​​​​​​​​​​​" classname="gov.DA.dashboard.test.steps.DailyRegression" time="0.148"/>
  <testcase name="Then the user should view insurance information with &lt;username&gt;​​​​​​​​​​​​" classname="gov.DA.dashboard.test.steps.DailyRegression" time="0.15"/>
  <testcase name="Then the user should update mailing address information​​​​​​​​​​​​" classname="gov.DA.dashboard.test.steps.DailyRegression" time="7.495"/>
  <testcase name="Then the user should update phone number information with &lt;username&gt;​​​​​​​​​​​​" classname="gov.DA.dashboard.test.steps.DailyRegression" time="5.372"/>
  <testcase name="Then the user should update insurance information with &lt;username&gt;​​​​​​​​​​​​" classname="gov.DA.dashboard.test.steps.DailyRegression" time="4.521"/>
  <testcase name="Then the user goes back to the summary page​​​​​​​​​​​​" classname="gov.DA.dashboard.test.steps.DailyRegression" time="4.778"/>
  <testcase name="Then the user reviews the application with &lt;username&gt;​​​​​​​​​​​​​​​​​​​​​​​​​" classname="gov.DA.dashboard.test.steps.DailyRegression" time="15.198"/>
  <testcase name="Then the user should see their saved mailing information​​​​​​​​​​​​" classname="gov.DA.dashboard.test.steps.DailyRegression" time="5.35"/>
  <testcase name="Then the user should see their saved phone number information​​​​​​​​​​​​" classname="gov.DA.dashboard.test.steps.DailyRegression" time="4.238"/>
  <testcase name="Then the user should see their saved insurance information with &lt;username&gt;​​​​​​​​​​​​" classname="gov.DA.dashboard.test.steps.DailyRegression" time="2.295"/>
  <testcase name="Then the user logs out of the dashboard​​​​​​​​​​​​​​​​​​​​​​​​​​​​​​​​​​​​​​​​​​​​​​​​" classname="gov.DA.dashboard.test.steps.DailyRegression" time="4.976"/>
  <testcase name="Then they should see the home page​​​​​​​​​​​​​​​​​​​​​​​​​​​​​​​​​​​​​​​​​​​​​​​​" classname="gov.DA.dashboard.test.steps.DailyRegression" time="0.192"/>
  <testcase name="Given the user is on the dashboard page​​​​​​​​​​​​​​​​​​​​​​​​​​​​​​​​​​​​​​​​​​​​​​​​​" classname="gov.DA.dashboard.test.steps.DailyRegression" time="1.651"/>
  <testcase name="When the user logs into the dashboard with &lt;username&gt; and &lt;password&gt;​​​​​​​​​​​​​​​​​​​​​​​​​​​​​​​​​​​​​​​​​​​​​​​​​" classname="gov.DA.dashboard.test.steps.DailyRegression" time="6.529"/>
  <testcase name="Then the user reviews the application with &lt;username&gt;​​​​​​​​​​​​​​​​​​​​​​​​​​" classname="gov.DA.dashboard.test.steps.DailyRegression" time="15.197"/>
  <testcase name="Then the user should view mailing address information with &lt;username&gt;​​​​​​​​​​​​​" classname="gov.DA.dashboard.test.steps.DailyRegression" time="3.231"/>
  <testcase name="Then the user should view phone number information with &lt;username&gt;​​​​​​​​​​​​​" classname="gov.DA.dashboard.test.steps.DailyRegression" time="0.148"/>
  <testcase name="Then the user should view electronic fund information with &lt;username&gt;​​​​​​​​​​​​​" classname="gov.DA.dashboard.test.steps.DailyRegression" time="0.147"/>
  <testcase name="Then the user should view insurance information with &lt;username&gt;​​​​​​​​​​​​​" classname="gov.DA.dashboard.test.steps.DailyRegression" time="0.149"/>
  <testcase name="Then the user should update mailing address information​​​​​​​​​​​​​" classname="gov.DA.dashboard.test.steps.DailyRegression" time="7.907"/>
  <testcase name="Then the user should update phone number information with &lt;username&gt;​​​​​​​​​​​​​" classname="gov.DA.dashboard.test.steps.DailyRegression" time="5.676"/>
  <testcase name="Then the user should update insurance information with &lt;username&gt;​​​​​​​​​​​​​" classname="gov.DA.dashboard.test.steps.DailyRegression" time="5.096"/>
  <testcase name="Then the user goes back to the summary page​​​​​​​​​​​​​" classname="gov.DA.dashboard.test.steps.DailyRegression" time="4.718"/>
  <testcase name="Then the user reviews the application with &lt;username&gt;​​​​​​​​​​​​​​​​​​​​​​​​​​​" classname="gov.DA.dashboard.test.steps.DailyRegression" time="15.27"/>
  <testcase name="Then the user should see their saved mailing information​​​​​​​​​​​​​" classname="gov.DA.dashboard.test.steps.DailyRegression" time="5.373"/>
  <testcase name="Then the user should see their saved phone number information​​​​​​​​​​​​​" classname="gov.DA.dashboard.test.steps.DailyRegression" time="4.251"/>
  <testcase name="Then the user should see their saved insurance information with &lt;username&gt;​​​​​​​​​​​​​" classname="gov.DA.dashboard.test.steps.DailyRegression" time="2.304"/>
  <testcase name="Then the user logs out of the dashboard​​​​​​​​​​​​​​​​​​​​​​​​​​​​​​​​​​​​​​​​​​​​​​​​​" classname="gov.DA.dashboard.test.steps.DailyRegression" time="5.088"/>
  <testcase name="Then they should see the home page​​​​​​​​​​​​​​​​​​​​​​​​​​​​​​​​​​​​​​​​​​​​​​​​​" classname="gov.DA.dashboard.test.steps.DailyRegression" time="0.188"/>
  <testcase name="Given the user is on the dashboard page​​​​​​​​​​​​​​​​​​​​​​​​​​​​​​​​​​​​​​​​​​​​​​​​​​" classname="gov.DA.dashboard.test.steps.DailyRegression" time="1.85"/>
  <testcase name="When the user logs into the dashboard with &lt;username&gt; and &lt;password&gt;​​​​​​​​​​​​​​​​​​​​​​​​​​​​​​​​​​​​​​​​​​​​​​​​​​" classname="gov.DA.dashboard.test.steps.DailyRegression" time="6.539"/>
  <testcase name="Then the user reviews the application with &lt;username&gt;​​​​​​​​​​​​​​​​​​​​​​​​​​​​" classname="gov.DA.dashboard.test.steps.DailyRegression" time="15.288"/>
  <testcase name="Then the user should view mailing address information with &lt;username&gt;​​​​​​​​​​​​​​" classname="gov.DA.dashboard.test.steps.DailyRegression" time="3.215"/>
  <testcase name="Then the user should view phone number information with &lt;username&gt;​​​​​​​​​​​​​​" classname="gov.DA.dashboard.test.steps.DailyRegression" time="0.15"/>
  <testcase name="Then the user should view electronic fund information with &lt;username&gt;​​​​​​​​​​​​​​" classname="gov.DA.dashboard.test.steps.DailyRegression" time="0.163"/>
  <testcase name="Then the user should view insurance information with &lt;username&gt;​​​​​​​​​​​​​​" classname="gov.DA.dashboard.test.steps.DailyRegression" time="0.153"/>
  <testcase name="Then the user should update mailing address information​​​​​​​​​​​​​​" classname="gov.DA.dashboard.test.steps.DailyRegression" time="7.875"/>
  <testcase name="Then the user should update phone number information with &lt;username&gt;​​​​​​​​​​​​​​" classname="gov.DA.dashboard.test.steps.DailyRegression" time="6.086"/>
  <testcase name="Then the user should update insurance information with &lt;username&gt;​​​​​​​​​​​​​​" classname="gov.DA.dashboard.test.steps.DailyRegression" time="4.603"/>
  <testcase name="Then the user goes back to the summary page​​​​​​​​​​​​​​" classname="gov.DA.dashboard.test.steps.DailyRegression" time="5.034"/>
  <testcase name="Then the user reviews the application with &lt;username&gt;​​​​​​​​​​​​​​​​​​​​​​​​​​​​​" classname="gov.DA.dashboard.test.steps.DailyRegression" time="15.309"/>
  <testcase name="Then the user should see their saved mailing information​​​​​​​​​​​​​​" classname="gov.DA.dashboard.test.steps.DailyRegression" time="5.361"/>
  <testcase name="Then the user should see their saved phone number information​​​​​​​​​​​​​​" classname="gov.DA.dashboard.test.steps.DailyRegression" time="4.245"/>
  <testcase name="Then the user should see their saved insurance information with &lt;username&gt;​​​​​​​​​​​​​​" classname="gov.DA.dashboard.test.steps.DailyRegression" time="2.354"/>
  <testcase name="Then the user logs out of the dashboard​​​​​​​​​​​​​​​​​​​​​​​​​​​​​​​​​​​​​​​​​​​​​​​​​​" classname="gov.DA.dashboard.test.steps.DailyRegression" time="5.064"/>
  <testcase name="Then they should see the home page​​​​​​​​​​​​​​​​​​​​​​​​​​​​​​​​​​​​​​​​​​​​​​​​​​" classname="gov.DA.dashboard.test.steps.DailyRegression" time="0.191"/>
  <testcase name="Given the user is on the dashboard page​​​​​​​​​​​​​​​​​​​​​​​​​​​​​​​​​​​​​​​​​​​​​​​​​​​" classname="gov.DA.dashboard.test.steps.DailyRegression" time="1.849"/>
  <testcase name="When the user logs into the dashboard with &lt;username&gt; and &lt;password&gt;​​​​​​​​​​​​​​​​​​​​​​​​​​​​​​​​​​​​​​​​​​​​​​​​​​​" classname="gov.DA.dashboard.test.steps.DailyRegression" time="6.447"/>
  <testcase name="Then the user reviews the application with &lt;username&gt;​​​​​​​​​​​​​​​​​​​​​​​​​​​​​​" classname="gov.DA.dashboard.test.steps.DailyRegression" time="15.314"/>
  <testcase name="Then the user should view mailing address information with &lt;username&gt;​​​​​​​​​​​​​​​" classname="gov.DA.dashboard.test.steps.DailyRegression" time="3.221"/>
  <testcase name="Then the user should view phone number information with &lt;username&gt;​​​​​​​​​​​​​​​" classname="gov.DA.dashboard.test.steps.DailyRegression" time="0.152"/>
  <testcase name="Then the user should view electronic fund information with &lt;username&gt;​​​​​​​​​​​​​​​" classname="gov.DA.dashboard.test.steps.DailyRegression" time="0.16"/>
  <testcase name="Then the user should view insurance information with &lt;username&gt;​​​​​​​​​​​​​​​" classname="gov.DA.dashboard.test.steps.DailyRegression" time="0.152"/>
  <testcase name="Then the user should update mailing address information​​​​​​​​​​​​​​​" classname="gov.DA.dashboard.test.steps.DailyRegression" time="7.513"/>
  <testcase name="Then the user should update phone number information with &lt;username&gt;​​​​​​​​​​​​​​​" classname="gov.DA.dashboard.test.steps.DailyRegression" time="5.603"/>
  <testcase name="Then the user should update insurance information with &lt;username&gt;​​​​​​​​​​​​​​​" classname="gov.DA.dashboard.test.steps.DailyRegression" time="4.918"/>
  <testcase name="Then the user goes back to the summary page​​​​​​​​​​​​​​​" classname="gov.DA.dashboard.test.steps.DailyRegression" time="4.8"/>
  <testcase name="Then the user reviews the application with &lt;username&gt;​​​​​​​​​​​​​​​​​​​​​​​​​​​​​​​" classname="gov.DA.dashboard.test.steps.DailyRegression" time="15.335"/>
  <testcase name="Then the user should see their saved mailing information​​​​​​​​​​​​​​​" classname="gov.DA.dashboard.test.steps.DailyRegression" time="5.371"/>
  <testcase name="Then the user should see their saved phone number information​​​​​​​​​​​​​​​" classname="gov.DA.dashboard.test.steps.DailyRegression" time="4.241"/>
  <testcase name="Then the user should see their saved insurance information with &lt;username&gt;​​​​​​​​​​​​​​​" classname="gov.DA.dashboard.test.steps.DailyRegression" time="2.311"/>
  <testcase name="Then the user logs out of the dashboard​​​​​​​​​​​​​​​​​​​​​​​​​​​​​​​​​​​​​​​​​​​​​​​​​​​" classname="gov.DA.dashboard.test.steps.DailyRegression" time="5.067"/>
  <testcase name="Then they should see the home page​​​​​​​​​​​​​​​​​​​​​​​​​​​​​​​​​​​​​​​​​​​​​​​​​​​" classname="gov.DA.dashboard.test.steps.DailyRegression" time="0.189"/>
  <testcase name="Scenario: All information is updated and saved" classname="Scenario: All information is updated and saved" time="0.191"/>
  <testcase name="fullRegression.story" classname="fullRegression.story" time="0.389"/>
  <testcase name="AfterStories" classname="java.lang.Object" time="7.823"/>
</testsuite>